#
# There is insufficient memory for the Java Runtime Environment to continue.
# Native memory allocation (malloc) failed to allocate 1048576 bytes for AllocateHeap
# Possible reasons:
#   The system is out of physical RAM or swap space
#   The process is running with CompressedOops enabled, and the Java Heap may be blocking the growth of the native heap
# Possible solutions:
#   Reduce memory load on the system
#   Increase physical memory or swap space
#   Check if swap backing store is full
#   Decrease Java heap size (-Xmx/-Xms)
#   Decrease number of Java threads
#   Decrease Java thread stack sizes (-Xss)
#   Set larger code cache with -XX:ReservedCodeCacheSize=
#   JVM is running with Unscaled Compressed Oops mode in which the Java heap is
#     placed in the first 4GB address space. The Java Heap base address is the
#     maximum limit for the native heap growth. Please use -XX:HeapBaseMinAddress
#     to set the Java Heap base and to place the Java Heap above 4GB virtual address.
# This output file may be truncated or incomplete.
#
#  Out of Memory Error (allocation.cpp:44), pid=16152, tid=16148
#
# JRE version: OpenJDK Runtime Environment Temurin-17.0.7+7 (17.0.7+7) (build 17.0.7+7)
# Java VM: OpenJDK 64-Bit Server VM Temurin-17.0.7+7 (17.0.7+7, mixed mode, emulated-client, tiered, compressed oops, compressed class ptrs, g1 gc, windows-amd64)
# No core dump will be written. Minidumps are not enabled by default on client versions of Windows
#

---------------  S U M M A R Y ------------

Command Line: -XX:+HeapDumpOnOutOfMemoryError -Xmx1024m -Dsts.lsp.client=vscode -Dsts.log.file=/dev/null -XX:TieredStopAtLevel=1 -Xlog:jni+resolve=off -Dspring.config.location=file:c:\Users\everl\.vscode\extensions\vmware.vscode-spring-boot-1.46.0\language-server\BOOT-INF\classes\application.properties org.springframework.ide.vscode.boot.app.BootLanguageServerBootApp

Host: Intel(R) Core(TM) i5-4670 CPU @ 3.40GHz, 4 cores, 15G,  Windows 11 , 64 bit Build 22621 (10.0.22621.1635)
Time: Sun May 21 13:25:14 2023  Windows 11 , 64 bit Build 22621 (10.0.22621.1635) elapsed time: 156267.694986 seconds (1d 19h 24m 27s)

---------------  T H R E A D  ---------------

Current thread (0x000001b1fb51c930):  VMThread "VM Thread" [stack: 0x0000000ff7c00000,0x0000000ff7d00000] [id=16148]

Stack: [0x0000000ff7c00000,0x0000000ff7d00000]
Native frames: (J=compiled Java code, j=interpreted, Vv=VM code, C=native code)
V  [jvm.dll+0x67754a]
V  [jvm.dll+0x834304]
V  [jvm.dll+0x835aae]
V  [jvm.dll+0x836113]
V  [jvm.dll+0x24696f]
V  [jvm.dll+0xa681f]
V  [jvm.dll+0x2f73f3]
V  [jvm.dll+0x2f30f0]
V  [jvm.dll+0x2db6c7]
V  [jvm.dll+0x31e777]
V  [jvm.dll+0x83a5bb]
V  [jvm.dll+0x83b2f4]
V  [jvm.dll+0x83b80c]
V  [jvm.dll+0x83bbe4]
V  [jvm.dll+0x83bcb0]
V  [jvm.dll+0x7e4e7a]
V  [jvm.dll+0x676395]
C  [ucrtbase.dll+0x29363]
C  [KERNEL32.DLL+0x126ad]
C  [ntdll.dll+0x5a9f8]

VM_Operation (0x0000000ff8ffec90): G1CollectFull, mode: safepoint, requested by thread 0x000001b1851b9c30


---------------  P R O C E S S  ---------------

Threads class SMR info:
_java_thread_list=0x000001b1858059b0, length=23, elements={
0x000001b1fb507fe0, 0x000001b1fb5088a0, 0x000001b1fb52d360, 0x000001b1fb52dc20,
0x000001b1fb52e8e0, 0x000001b184054410, 0x000001b184054cd0, 0x000001b1840565f0,
0x000001b184261f80, 0x000001b184272cc0, 0x000001b1849bd610, 0x000001b1855a8fb0,
0x000001b1851b9c30, 0x000001b18420a950, 0x000001b1f0f84670, 0x000001b18496e810,
0x000001b18562c0d0, 0x000001b18565b080, 0x000001b1855819e0, 0x000001b1855836c0,
0x000001b185582850, 0x000001b185581040, 0x000001b185581510
}

Java Threads: ( => current thread )
  0x000001b1fb507fe0 JavaThread "Reference Handler" daemon [_thread_blocked, id=18932, stack(0x0000000ff7d00000,0x0000000ff7e00000)]
  0x000001b1fb5088a0 JavaThread "Finalizer" daemon [_thread_blocked, id=20720, stack(0x0000000ff7e00000,0x0000000ff7f00000)]
  0x000001b1fb52d360 JavaThread "Signal Dispatcher" daemon [_thread_blocked, id=20592, stack(0x0000000ff7f00000,0x0000000ff8000000)]
  0x000001b1fb52dc20 JavaThread "Attach Listener" daemon [_thread_blocked, id=21152, stack(0x0000000ff8000000,0x0000000ff8100000)]
  0x000001b1fb52e8e0 JavaThread "Service Thread" daemon [_thread_blocked, id=18352, stack(0x0000000ff8100000,0x0000000ff8200000)]
  0x000001b184054410 JavaThread "Monitor Deflation Thread" daemon [_thread_blocked, id=17716, stack(0x0000000ff8200000,0x0000000ff8300000)]
  0x000001b184054cd0 JavaThread "C1 CompilerThread0" daemon [_thread_blocked, id=4536, stack(0x0000000ff8300000,0x0000000ff8400000)]
  0x000001b1840565f0 JavaThread "Sweeper thread" daemon [_thread_blocked, id=21128, stack(0x0000000ff8400000,0x0000000ff8500000)]
  0x000001b184261f80 JavaThread "Notification Thread" daemon [_thread_blocked, id=8096, stack(0x0000000ff8600000,0x0000000ff8700000)]
  0x000001b184272cc0 JavaThread "Common-Cleaner" daemon [_thread_blocked, id=19232, stack(0x0000000ff8800000,0x0000000ff8900000)]
  0x000001b1849bd610 JavaThread "boundedElastic-evictor-1" daemon [_thread_blocked, id=21304, stack(0x0000000ff8c00000,0x0000000ff8d00000)]
  0x000001b1855a8fb0 JavaThread "boundedElastic-evictor-2" daemon [_thread_blocked, id=17252, stack(0x0000000ff8e00000,0x0000000ff8f00000)]
  0x000001b1851b9c30 JavaThread "pool-10-thread-1" [_thread_blocked, id=13032, stack(0x0000000ff8f00000,0x0000000ff9000000)]
  0x000001b18420a950 JavaThread "LanguageServerApp-lifecycle" [_thread_blocked, id=13640, stack(0x0000000ff9000000,0x0000000ff9100000)]
  0x000001b1f0f84670 JavaThread "DestroyJavaVM" [_thread_blocked, id=15824, stack(0x0000000ff7500000,0x0000000ff7600000)]
  0x000001b18496e810 JavaThread "pool-11-thread-1" [_thread_in_native, id=19996, stack(0x0000000ff9100000,0x0000000ff9200000)]
  0x000001b18562c0d0 JavaThread "Simple-Language-Server main thread" daemon [_thread_blocked, id=15940, stack(0x0000000ff9200000,0x0000000ff9300000)]
  0x000001b18565b080 JavaThread "pool-6-thread-1" [_thread_blocked, id=20772, stack(0x0000000ff9300000,0x0000000ff9400000)]
  0x000001b1855819e0 JavaThread "parallel-1" daemon [_thread_blocked, id=19872, stack(0x0000000ff7400000,0x0000000ff7500000)]
  0x000001b1855836c0 JavaThread "Reconciler-1" daemon [_thread_blocked, id=11652, stack(0x0000000ff8d00000,0x0000000ff8e00000)]
  0x000001b185582850 JavaThread "parallel-2" daemon [_thread_blocked, id=10804, stack(0x0000000ff9600000,0x0000000ff9700000)]
  0x000001b185581040 JavaThread "parallel-3" daemon [_thread_blocked, id=7440, stack(0x0000000ff9800000,0x0000000ff9900000)]
  0x000001b185581510 JavaThread "parallel-4" daemon [_thread_blocked, id=20872, stack(0x0000000ff9a00000,0x0000000ff9b00000)]

Other Threads:
=>0x000001b1fb51c930 VMThread "VM Thread" [stack: 0x0000000ff7c00000,0x0000000ff7d00000] [id=16148]
  0x000001b184266460 WatcherThread [stack: 0x0000000ff8700000,0x0000000ff8800000] [id=20616]
  0x000001b1f0fc1c40 GCTaskThread "GC Thread#0" [stack: 0x0000000ff7700000,0x0000000ff7800000] [id=4464]
  0x000001b1849259a0 GCTaskThread "GC Thread#1" [stack: 0x0000000ff8900000,0x0000000ff8a00000] [id=19940]
  0x000001b184925c50 GCTaskThread "GC Thread#2" [stack: 0x0000000ff8a00000,0x0000000ff8b00000] [id=18208]
  0x000001b184925f00 GCTaskThread "GC Thread#3" [stack: 0x0000000ff8b00000,0x0000000ff8c00000] [id=12644]
  0x000001b1f0fca990 ConcurrentGCThread "G1 Main Marker" [stack: 0x0000000ff7800000,0x0000000ff7900000] [id=16812]
  0x000001b1f0fcb1b0 ConcurrentGCThread "G1 Conc#0" [stack: 0x0000000ff7900000,0x0000000ff7a00000] [id=21024]
  0x000001b1fb388500 ConcurrentGCThread "G1 Refine#0" [stack: 0x0000000ff7a00000,0x0000000ff7b00000] [id=9556]
  0x000001b1fb388e90 ConcurrentGCThread "G1 Service" [stack: 0x0000000ff7b00000,0x0000000ff7c00000] [id=19188]

Threads with active compile tasks:

VM state: at safepoint (normal execution)

VM Mutex/Monitor currently owned by a thread:  ([mutex/lock_event])
[0x000001b1eed9c3f0] Threads_lock - owner thread: 0x000001b1fb51c930
[0x000001b1f0f815e0] Heap_lock - owner thread: 0x000001b1851b9c30

Heap address: 0x00000000c0000000, size: 1024 MB, Compressed Oops mode: 32-bit

CDS archive(s) not mapped
Compressed class space mapped at: 0x0000000100000000-0x0000000140000000, reserved size: 1073741824
Narrow klass base: 0x0000000000000000, Narrow klass shift: 3, Narrow klass range: 0x140000000

GC Precious Log:
 CPUs: 4 total, 4 available
 Memory: 16322M
 Large Page Support: Disabled
 NUMA Support: Disabled
 Compressed Oops: Enabled (32-bit)
 Heap Region Size: 1M
 Heap Min Capacity: 8M
 Heap Initial Capacity: 256M
 Heap Max Capacity: 1G
 Pre-touch: Disabled
 Parallel Workers: 4
 Concurrent Workers: 1
 Concurrent Refinement Workers: 4
 Periodic GC: Disabled

Heap:
 garbage-first heap   total 48128K, used 14683K [0x00000000c0000000, 0x0000000100000000)
  region size 1024K, 1 young (1024K), 0 survivors (0K)
 Metaspace       used 36216K, committed 36608K, reserved 1114112K
  class space    used 4798K, committed 4992K, reserved 1048576K

Heap Regions: E=young(eden), S=young(survivor), O=old, HS=humongous(starts), HC=humongous(continues), CS=collection set, F=free, OA=open archive, CA=closed archive, TAMS=top-at-mark-start (previous, next)
|   0|0x00000000c0000000, 0x00000000c0100000, 0x00000000c0100000|100%| O|  |TAMS 0x00000000c0100000, 0x00000000c0000000| Untracked 
|   1|0x00000000c0100000, 0x00000000c01ffff8, 0x00000000c0200000| 99%| O|  |TAMS 0x00000000c01ffff8, 0x00000000c0100000| Untracked 
|   2|0x00000000c0200000, 0x00000000c0300000, 0x00000000c0300000|100%| O|  |TAMS 0x00000000c0300000, 0x00000000c0200000| Untracked 
|   3|0x00000000c0300000, 0x00000000c0400000, 0x00000000c0400000|100%| O|  |TAMS 0x00000000c0400000, 0x00000000c0300000| Untracked 
|   4|0x00000000c0400000, 0x00000000c0500000, 0x00000000c0500000|100%| O|  |TAMS 0x00000000c0500000, 0x00000000c0400000| Untracked 
|   5|0x00000000c0500000, 0x00000000c0600000, 0x00000000c0600000|100%| O|  |TAMS 0x00000000c0600000, 0x00000000c0500000| Untracked 
|   6|0x00000000c0600000, 0x00000000c06fffd8, 0x00000000c0700000| 99%| O|  |TAMS 0x00000000c06fffd8, 0x00000000c0600000| Untracked 
|   7|0x00000000c0700000, 0x00000000c07fffe8, 0x00000000c0800000| 99%| O|  |TAMS 0x00000000c07fffe8, 0x00000000c0700000| Untracked 
|   8|0x00000000c0800000, 0x00000000c08fffb8, 0x00000000c0900000| 99%| O|  |TAMS 0x00000000c08fffb8, 0x00000000c0800000| Untracked 
|   9|0x00000000c0900000, 0x00000000c09ffff8, 0x00000000c0a00000| 99%| O|  |TAMS 0x00000000c09ffff8, 0x00000000c0900000| Untracked 
|  10|0x00000000c0a00000, 0x00000000c0affff8, 0x00000000c0b00000| 99%| O|  |TAMS 0x00000000c0affff8, 0x00000000c0a00000| Untracked 
|  11|0x00000000c0b00000, 0x00000000c0bffff8, 0x00000000c0c00000| 99%| O|  |TAMS 0x00000000c0bffff8, 0x00000000c0b00000| Untracked 
|  12|0x00000000c0c00000, 0x00000000c0d00000, 0x00000000c0d00000|100%| O|  |TAMS 0x00000000c0d00000, 0x00000000c0c00000| Untracked 
|  13|0x00000000c0d00000, 0x00000000c0dfffe8, 0x00000000c0e00000| 99%| O|  |TAMS 0x00000000c0dfffe8, 0x00000000c0d00000| Untracked 
|  14|0x00000000c0e00000, 0x00000000c0e56e20, 0x00000000c0f00000| 33%| O|  |TAMS 0x00000000c0e00000, 0x00000000c0e00000| Untracked 
|  15|0x00000000c0f00000, 0x00000000c0f00088, 0x00000000c1000000|  0%| O|  |TAMS 0x00000000c0f00000, 0x00000000c0f00000| Untracked 
|  16|0x00000000c1000000, 0x00000000c1000000, 0x00000000c1100000|  0%| F|  |TAMS 0x00000000c1000000, 0x00000000c1000000| Untracked 
|  17|0x00000000c1100000, 0x00000000c1100000, 0x00000000c1200000|  0%| F|  |TAMS 0x00000000c1100000, 0x00000000c1100000| Untracked 
|  18|0x00000000c1200000, 0x00000000c1200000, 0x00000000c1300000|  0%| F|  |TAMS 0x00000000c1200000, 0x00000000c1200000| Untracked 
|  19|0x00000000c1300000, 0x00000000c1300000, 0x00000000c1400000|  0%| F|  |TAMS 0x00000000c1300000, 0x00000000c1300000| Untracked 
|  20|0x00000000c1400000, 0x00000000c1400000, 0x00000000c1500000|  0%| F|  |TAMS 0x00000000c1400000, 0x00000000c1400000| Untracked 
|  21|0x00000000c1500000, 0x00000000c1500000, 0x00000000c1600000|  0%| F|  |TAMS 0x00000000c1500000, 0x00000000c1500000| Untracked 
|  22|0x00000000c1600000, 0x00000000c1600000, 0x00000000c1700000|  0%| F|  |TAMS 0x00000000c1600000, 0x00000000c1600000| Untracked 
|  23|0x00000000c1700000, 0x00000000c1700000, 0x00000000c1800000|  0%| F|  |TAMS 0x00000000c1700000, 0x00000000c1700000| Untracked 
|  24|0x00000000c1800000, 0x00000000c1800000, 0x00000000c1900000|  0%| F|  |TAMS 0x00000000c1800000, 0x00000000c1800000| Untracked 
|  25|0x00000000c1900000, 0x00000000c1900000, 0x00000000c1a00000|  0%| F|  |TAMS 0x00000000c1900000, 0x00000000c1900000| Untracked 
|  26|0x00000000c1a00000, 0x00000000c1a00000, 0x00000000c1b00000|  0%| F|  |TAMS 0x00000000c1a00000, 0x00000000c1a00000| Untracked 
|  27|0x00000000c1b00000, 0x00000000c1b00000, 0x00000000c1c00000|  0%| F|  |TAMS 0x00000000c1b00000, 0x00000000c1b00000| Untracked 
|  28|0x00000000c1c00000, 0x00000000c1c00000, 0x00000000c1d00000|  0%| F|  |TAMS 0x00000000c1c00000, 0x00000000c1c00000| Untracked 
|  29|0x00000000c1d00000, 0x00000000c1d00000, 0x00000000c1e00000|  0%| F|  |TAMS 0x00000000c1d00000, 0x00000000c1d00000| Untracked 
|  30|0x00000000c1e00000, 0x00000000c1e00000, 0x00000000c1f00000|  0%| F|  |TAMS 0x00000000c1e00000, 0x00000000c1e00000| Untracked 
|  31|0x00000000c1f00000, 0x00000000c1f00000, 0x00000000c2000000|  0%| F|  |TAMS 0x00000000c1f00000, 0x00000000c1f00000| Untracked 
|  32|0x00000000c2000000, 0x00000000c2000000, 0x00000000c2100000|  0%| F|  |TAMS 0x00000000c2000000, 0x00000000c2000000| Untracked 
|  33|0x00000000c2100000, 0x00000000c2100000, 0x00000000c2200000|  0%| F|  |TAMS 0x00000000c2100000, 0x00000000c2100000| Untracked 
|  34|0x00000000c2200000, 0x00000000c2200000, 0x00000000c2300000|  0%| F|  |TAMS 0x00000000c2200000, 0x00000000c2200000| Untracked 
|  35|0x00000000c2300000, 0x00000000c2300000, 0x00000000c2400000|  0%| F|  |TAMS 0x00000000c2300000, 0x00000000c2300000| Untracked 
|  36|0x00000000c2400000, 0x00000000c2400000, 0x00000000c2500000|  0%| F|  |TAMS 0x00000000c2400000, 0x00000000c2400000| Untracked 
|  37|0x00000000c2500000, 0x00000000c2500000, 0x00000000c2600000|  0%| F|  |TAMS 0x00000000c2500000, 0x00000000c2500000| Untracked 
|  38|0x00000000c2600000, 0x00000000c2600000, 0x00000000c2700000|  0%| F|  |TAMS 0x00000000c2600000, 0x00000000c2600000| Untracked 
|  39|0x00000000c2700000, 0x00000000c2700000, 0x00000000c2800000|  0%| F|  |TAMS 0x00000000c2700000, 0x00000000c2700000| Untracked 
|  40|0x00000000c2800000, 0x00000000c2800000, 0x00000000c2900000|  0%| F|  |TAMS 0x00000000c2800000, 0x00000000c2800000| Untracked 
|  41|0x00000000c2900000, 0x00000000c2900000, 0x00000000c2a00000|  0%| F|  |TAMS 0x00000000c2900000, 0x00000000c2900000| Untracked 
|  42|0x00000000c2a00000, 0x00000000c2a00000, 0x00000000c2b00000|  0%| F|  |TAMS 0x00000000c2a00000, 0x00000000c2a00000| Untracked 
|  43|0x00000000c2b00000, 0x00000000c2b00000, 0x00000000c2c00000|  0%| F|  |TAMS 0x00000000c2b00000, 0x00000000c2b00000| Untracked 
|  44|0x00000000c2c00000, 0x00000000c2c00000, 0x00000000c2d00000|  0%| F|  |TAMS 0x00000000c2c00000, 0x00000000c2c00000| Untracked 
|  45|0x00000000c2d00000, 0x00000000c2d00000, 0x00000000c2e00000|  0%| F|  |TAMS 0x00000000c2d00000, 0x00000000c2d00000| Untracked 
|  46|0x00000000c2e00000, 0x00000000c2e060d0, 0x00000000c2f00000|  2%| E|  |TAMS 0x00000000c2e00000, 0x00000000c2e00000| Complete 

Card table byte_map: [0x000001b1f6c00000,0x000001b1f6e00000] _byte_map_base: 0x000001b1f6600000

Marking Bits (Prev, Next): (CMBitMap*) 0x000001b1f0fc2060, (CMBitMap*) 0x000001b1f0fc20a0
 Prev Bits: [0x000001b1f7000000, 0x000001b1f8000000)
 Next Bits: [0x000001b1f8000000, 0x000001b1f9000000)

Polling page: 0x000001b1eeef0000

Metaspace:

Usage:
  Non-class:     30.68 MB used.
      Class:      4.69 MB used.
       Both:     35.37 MB used.

Virtual space:
  Non-class space:       64.00 MB reserved,      30.88 MB ( 48%) committed,  1 nodes.
      Class space:        1.00 GB reserved,       4.88 MB ( <1%) committed,  1 nodes.
             Both:        1.06 GB reserved,      35.75 MB (  3%) committed. 

Chunk freelists:
   Non-Class:  1.19 MB
       Class:  11.02 MB
        Both:  12.21 MB

MaxMetaspaceSize: unlimited
CompressedClassSpaceSize: 1.00 GB
Initial GC threshold: 21.00 MB
Current GC threshold: 59.62 MB
CDS: off
MetaspaceReclaimPolicy: balanced
 - commit_granule_bytes: 65536.
 - commit_granule_words: 8192.
 - virtual_space_node_default_size: 8388608.
 - enlarge_chunks_in_place: 1.
 - new_chunks_are_fully_committed: 0.
 - uncommit_free_chunks: 1.
 - use_allocation_guard: 0.
 - handle_deallocations: 1.


Internal statistics:

num_allocs_failed_limit: 3.
num_arena_births: 548.
num_arena_deaths: 158.
num_vsnodes_births: 2.
num_vsnodes_deaths: 0.
num_space_committed: 572.
num_space_uncommitted: 0.
num_chunks_returned_to_freelist: 183.
num_chunks_taken_from_freelist: 1662.
num_chunk_merges: 50.
num_chunk_splits: 1080.
num_chunks_enlarged: 794.
num_inconsistent_stats: 0.

CodeCache: size=49152Kb used=7867Kb max_used=8671Kb free=41284Kb
 bounds [0x000001b1f3c00000, 0x000001b1f44e0000, 0x000001b1f6c00000]
 total_blobs=4790 nmethods=4250 adapters=467
 compilation: enabled
              stopped_count=0, restarted_count=0
 full_count=0

Compilation events (20 events):
Event: 15467.068 Thread 0x000001b184054cd0 4242       1       java.lang.StackWalker::estimateDepth (5 bytes)
Event: 15467.068 Thread 0x000001b184054cd0 nmethod 4242 0x000001b1f433a190 code [0x000001b1f433a320, 0x000001b1f433a3f8]
Event: 15467.068 Thread 0x000001b184054cd0 4243       1       java.lang.StackStreamFactory$FrameBuffer::startIndex (2 bytes)
Event: 15467.068 Thread 0x000001b184054cd0 nmethod 4243 0x000001b1f4339e90 code [0x000001b1f433a020, 0x000001b1f433a0f8]
Event: 15467.068 Thread 0x000001b184054cd0 4244       1       java.lang.StackStreamFactory$StackFrameTraverser$StackFrameBuffer::frames (5 bytes)
Event: 15467.068 Thread 0x000001b184054cd0 nmethod 4244 0x000001b1f4339b90 code [0x000001b1f4339d20, 0x000001b1f4339df8]
Event: 15467.573 Thread 0x000001b184054cd0 4246   !   1       java.util.regex.Pattern::matcher (44 bytes)
Event: 15467.573 Thread 0x000001b184054cd0 nmethod 4246 0x000001b1f4339610 code [0x000001b1f43397c0, 0x000001b1f4339a38]
Event: 15467.573 Thread 0x000001b184054cd0 4247       1       java.util.regex.Matcher::<init> (95 bytes)
Event: 15467.573 Thread 0x000001b184054cd0 nmethod 4247 0x000001b1f4338e90 code [0x000001b1f4339040, 0x000001b1f4339508]
Event: 15467.573 Thread 0x000001b184054cd0 4248   !   1       java.util.regex.Pattern::<init> (146 bytes)
Event: 15467.574 Thread 0x000001b184054cd0 nmethod 4248 0x000001b1f4338010 code [0x000001b1f4338260, 0x000001b1f4338ad8]
Event: 15616.549 Thread 0x000001b184054cd0 4249       1       java.lang.Thread::isDaemon (5 bytes)
Event: 15616.549 Thread 0x000001b184054cd0 nmethod 4249 0x000001b1f4337d10 code [0x000001b1f4337ea0, 0x000001b1f4337f78]
Event: 15616.549 Thread 0x000001b184054cd0 4250       1       java.lang.Thread::getPriority (5 bytes)
Event: 15616.549 Thread 0x000001b184054cd0 nmethod 4250 0x000001b1f4337a10 code [0x000001b1f4337ba0, 0x000001b1f4337c78]
Event: 126441.073 Thread 0x000001b184054cd0 4251 % !   1       java.util.concurrent.ThreadPoolExecutor::runWorker @ 21 (187 bytes)
Event: 126441.169 Thread 0x000001b184054cd0 nmethod 4251% 0x000001b1f4336790 code [0x000001b1f43369e0, 0x000001b1f4337348]
Event: 129887.943 Thread 0x000001b184054cd0 4252   !   1       java.util.concurrent.ThreadPoolExecutor::runWorker (187 bytes)
Event: 129887.947 Thread 0x000001b184054cd0 nmethod 4252 0x000001b1f4335a10 code [0x000001b1f4335c40, 0x000001b1f4336298]

GC Heap History (20 events):
Event: 156164.760 GC heap before
{Heap before GC invocations=14825 (full 14805):
 garbage-first heap   total 48128K, used 14683K [0x00000000c0000000, 0x0000000100000000)
  region size 1024K, 1 young (1024K), 0 survivors (0K)
 Metaspace       used 36216K, committed 36608K, reserved 1114112K
  class space    used 4798K, committed 4992K, reserved 1048576K
}
Event: 156164.777 GC heap after
{Heap after GC invocations=14826 (full 14806):
 garbage-first heap   total 48128K, used 14683K [0x00000000c0000000, 0x0000000100000000)
  region size 1024K, 0 young (0K), 0 survivors (0K)
 Metaspace       used 36216K, committed 36608K, reserved 1114112K
  class space    used 4798K, committed 4992K, reserved 1048576K
}
Event: 156175.034 GC heap before
{Heap before GC invocations=14826 (full 14806):
 garbage-first heap   total 48128K, used 14683K [0x00000000c0000000, 0x0000000100000000)
  region size 1024K, 1 young (1024K), 0 survivors (0K)
 Metaspace       used 36216K, committed 36608K, reserved 1114112K
  class space    used 4798K, committed 4992K, reserved 1048576K
}
Event: 156175.050 GC heap after
{Heap after GC invocations=14827 (full 14807):
 garbage-first heap   total 48128K, used 14683K [0x00000000c0000000, 0x0000000100000000)
  region size 1024K, 0 young (0K), 0 survivors (0K)
 Metaspace       used 36216K, committed 36608K, reserved 1114112K
  class space    used 4798K, committed 4992K, reserved 1048576K
}
Event: 156185.316 GC heap before
{Heap before GC invocations=14827 (full 14807):
 garbage-first heap   total 48128K, used 14683K [0x00000000c0000000, 0x0000000100000000)
  region size 1024K, 1 young (1024K), 0 survivors (0K)
 Metaspace       used 36216K, committed 36608K, reserved 1114112K
  class space    used 4798K, committed 4992K, reserved 1048576K
}
Event: 156185.331 GC heap after
{Heap after GC invocations=14828 (full 14808):
 garbage-first heap   total 48128K, used 14683K [0x00000000c0000000, 0x0000000100000000)
  region size 1024K, 0 young (0K), 0 survivors (0K)
 Metaspace       used 36216K, committed 36608K, reserved 1114112K
  class space    used 4798K, committed 4992K, reserved 1048576K
}
Event: 156195.602 GC heap before
{Heap before GC invocations=14828 (full 14808):
 garbage-first heap   total 48128K, used 14683K [0x00000000c0000000, 0x0000000100000000)
  region size 1024K, 1 young (1024K), 0 survivors (0K)
 Metaspace       used 36216K, committed 36608K, reserved 1114112K
  class space    used 4798K, committed 4992K, reserved 1048576K
}
Event: 156195.619 GC heap after
{Heap after GC invocations=14829 (full 14809):
 garbage-first heap   total 48128K, used 14683K [0x00000000c0000000, 0x0000000100000000)
  region size 1024K, 0 young (0K), 0 survivors (0K)
 Metaspace       used 36216K, committed 36608K, reserved 1114112K
  class space    used 4798K, committed 4992K, reserved 1048576K
}
Event: 156205.876 GC heap before
{Heap before GC invocations=14829 (full 14809):
 garbage-first heap   total 48128K, used 14683K [0x00000000c0000000, 0x0000000100000000)
  region size 1024K, 1 young (1024K), 0 survivors (0K)
 Metaspace       used 36216K, committed 36608K, reserved 1114112K
  class space    used 4798K, committed 4992K, reserved 1048576K
}
Event: 156205.892 GC heap after
{Heap after GC invocations=14830 (full 14810):
 garbage-first heap   total 48128K, used 14683K [0x00000000c0000000, 0x0000000100000000)
  region size 1024K, 0 young (0K), 0 survivors (0K)
 Metaspace       used 36216K, committed 36608K, reserved 1114112K
  class space    used 4798K, committed 4992K, reserved 1048576K
}
Event: 156216.156 GC heap before
{Heap before GC invocations=14830 (full 14810):
 garbage-first heap   total 48128K, used 14683K [0x00000000c0000000, 0x0000000100000000)
  region size 1024K, 1 young (1024K), 0 survivors (0K)
 Metaspace       used 36216K, committed 36608K, reserved 1114112K
  class space    used 4798K, committed 4992K, reserved 1048576K
}
Event: 156216.172 GC heap after
{Heap after GC invocations=14831 (full 14811):
 garbage-first heap   total 48128K, used 14683K [0x00000000c0000000, 0x0000000100000000)
  region size 1024K, 0 young (0K), 0 survivors (0K)
 Metaspace       used 36216K, committed 36608K, reserved 1114112K
  class space    used 4798K, committed 4992K, reserved 1048576K
}
Event: 156226.451 GC heap before
{Heap before GC invocations=14831 (full 14811):
 garbage-first heap   total 48128K, used 14683K [0x00000000c0000000, 0x0000000100000000)
  region size 1024K, 1 young (1024K), 0 survivors (0K)
 Metaspace       used 36216K, committed 36608K, reserved 1114112K
  class space    used 4798K, committed 4992K, reserved 1048576K
}
Event: 156226.468 GC heap after
{Heap after GC invocations=14832 (full 14812):
 garbage-first heap   total 48128K, used 14683K [0x00000000c0000000, 0x0000000100000000)
  region size 1024K, 0 young (0K), 0 survivors (0K)
 Metaspace       used 36216K, committed 36608K, reserved 1114112K
  class space    used 4798K, committed 4992K, reserved 1048576K
}
Event: 156236.736 GC heap before
{Heap before GC invocations=14832 (full 14812):
 garbage-first heap   total 48128K, used 14683K [0x00000000c0000000, 0x0000000100000000)
  region size 1024K, 1 young (1024K), 0 survivors (0K)
 Metaspace       used 36216K, committed 36608K, reserved 1114112K
  class space    used 4798K, committed 4992K, reserved 1048576K
}
Event: 156236.753 GC heap after
{Heap after GC invocations=14833 (full 14813):
 garbage-first heap   total 48128K, used 14683K [0x00000000c0000000, 0x0000000100000000)
  region size 1024K, 0 young (0K), 0 survivors (0K)
 Metaspace       used 36216K, committed 36608K, reserved 1114112K
  class space    used 4798K, committed 4992K, reserved 1048576K
}
Event: 156247.034 GC heap before
{Heap before GC invocations=14833 (full 14813):
 garbage-first heap   total 48128K, used 14683K [0x00000000c0000000, 0x0000000100000000)
  region size 1024K, 1 young (1024K), 0 survivors (0K)
 Metaspace       used 36216K, committed 36608K, reserved 1114112K
  class space    used 4798K, committed 4992K, reserved 1048576K
}
Event: 156247.050 GC heap after
{Heap after GC invocations=14834 (full 14814):
 garbage-first heap   total 48128K, used 14683K [0x00000000c0000000, 0x0000000100000000)
  region size 1024K, 0 young (0K), 0 survivors (0K)
 Metaspace       used 36216K, committed 36608K, reserved 1114112K
  class space    used 4798K, committed 4992K, reserved 1048576K
}
Event: 156257.323 GC heap before
{Heap before GC invocations=14834 (full 14814):
 garbage-first heap   total 48128K, used 14683K [0x00000000c0000000, 0x0000000100000000)
  region size 1024K, 1 young (1024K), 0 survivors (0K)
 Metaspace       used 36216K, committed 36608K, reserved 1114112K
  class space    used 4798K, committed 4992K, reserved 1048576K
}
Event: 156257.338 GC heap after
{Heap after GC invocations=14835 (full 14815):
 garbage-first heap   total 48128K, used 14683K [0x00000000c0000000, 0x0000000100000000)
  region size 1024K, 0 young (0K), 0 survivors (0K)
 Metaspace       used 36216K, committed 36608K, reserved 1114112K
  class space    used 4798K, committed 4992K, reserved 1048576K
}

Dll operation events (7 events):
Event: 0.031 Loaded shared library c:\Users\everl\.vscode\extensions\redhat.java-1.18.0-win32-x64\jre\17.0.7-win32-x86_64\bin\java.dll
Event: 1.503 Loaded shared library C:\Users\everl\.vscode\extensions\redhat.java-1.18.0-win32-x64\jre\17.0.7-win32-x86_64\bin\net.dll
Event: 1.511 Loaded shared library C:\Users\everl\.vscode\extensions\redhat.java-1.18.0-win32-x64\jre\17.0.7-win32-x86_64\bin\nio.dll
Event: 1.519 Loaded shared library C:\Users\everl\.vscode\extensions\redhat.java-1.18.0-win32-x64\jre\17.0.7-win32-x86_64\bin\zip.dll
Event: 2.321 Loaded shared library C:\Users\everl\.vscode\extensions\redhat.java-1.18.0-win32-x64\jre\17.0.7-win32-x86_64\bin\jimage.dll
Event: 8.000 Loaded shared library C:\Users\everl\.vscode\extensions\redhat.java-1.18.0-win32-x64\jre\17.0.7-win32-x86_64\bin\management.dll
Event: 8.004 Loaded shared library C:\Users\everl\.vscode\extensions\redhat.java-1.18.0-win32-x64\jre\17.0.7-win32-x86_64\bin\management_ext.dll

Deoptimization events (10 events):
Event: 5.582 Thread 0x000001b1f0f84670 DEOPT PACKING pc=0x000001b1f4102c19 sp=0x0000000ff75fd3a0
Event: 5.582 Thread 0x000001b1f0f84670 DEOPT UNPACKING pc=0x000001b1f3c57143 sp=0x0000000ff75fc880 mode 3
Event: 7.027 Thread 0x000001b1f0f84670 DEOPT PACKING pc=0x000001b1f421831d sp=0x0000000ff75fa650
Event: 7.027 Thread 0x000001b1f0f84670 DEOPT UNPACKING pc=0x000001b1f3c57143 sp=0x0000000ff75f9b68 mode 3
Event: 8.264 Thread 0x000001b18562c0d0 DEOPT PACKING pc=0x000001b1f431edb5 sp=0x0000000ff92fe300
Event: 8.264 Thread 0x000001b18562c0d0 DEOPT UNPACKING pc=0x000001b1f3c57143 sp=0x0000000ff92fd828 mode 3
Event: 12327.690 Thread 0x000001b18496e810 DEOPT PACKING pc=0x000001b1f4184cd4 sp=0x0000000ff91ff1d0
Event: 12327.690 Thread 0x000001b18496e810 DEOPT UNPACKING pc=0x000001b1f3c57143 sp=0x0000000ff91fe678 mode 0
Event: 12411.824 Thread 0x000001b18496e810 DEOPT PACKING pc=0x000001b1f4103c81 sp=0x0000000ff91fe000
Event: 12411.824 Thread 0x000001b18496e810 DEOPT UNPACKING pc=0x000001b1f3c57143 sp=0x0000000ff91fd490 mode 3

Classes unloaded (20 events):
Event: 68.806 Thread 0x000001b1fb51c930 Unloading class 0x000000010008a800 'java/lang/invoke/LambdaForm$MH+0x000000010008a800'
Event: 68.806 Thread 0x000001b1fb51c930 Unloading class 0x000000010008a400 'java/lang/invoke/LambdaForm$MH+0x000000010008a400'
Event: 68.806 Thread 0x000001b1fb51c930 Unloading class 0x0000000100089c00 'java/lang/invoke/LambdaForm$MH+0x0000000100089c00'
Event: 68.806 Thread 0x000001b1fb51c930 Unloading class 0x0000000100089400 'java/lang/invoke/LambdaForm$MH+0x0000000100089400'
Event: 68.806 Thread 0x000001b1fb51c930 Unloading class 0x0000000100088c00 'java/lang/invoke/LambdaForm$MH+0x0000000100088c00'
Event: 68.806 Thread 0x000001b1fb51c930 Unloading class 0x0000000100088400 'java/lang/invoke/LambdaForm$MH+0x0000000100088400'
Event: 12382.598 Thread 0x000001b1fb51c930 Unloading class 0x0000000100374800 'java/lang/invoke/LambdaForm$MH+0x0000000100374800'
Event: 12382.598 Thread 0x000001b1fb51c930 Unloading class 0x000000010039c400 'java/lang/invoke/LambdaForm$MH+0x000000010039c400'
Event: 12382.598 Thread 0x000001b1fb51c930 Unloading class 0x00000001004a9800 'java/lang/invoke/LambdaForm$MH+0x00000001004a9800'
Event: 14315.937 Thread 0x000001b1fb51c930 Unloading class 0x00000001004dd000 'java/lang/invoke/LambdaForm$MH+0x00000001004dd000'
Event: 14315.937 Thread 0x000001b1fb51c930 Unloading class 0x00000001004dcc00 'java/lang/invoke/LambdaForm$MH+0x00000001004dcc00'
Event: 14315.937 Thread 0x000001b1fb51c930 Unloading class 0x00000001004dc800 'java/lang/invoke/LambdaForm$MH+0x00000001004dc800'
Event: 14315.937 Thread 0x000001b1fb51c930 Unloading class 0x00000001004dc000 'java/lang/invoke/LambdaForm$DMH+0x00000001004dc000'
Event: 14315.937 Thread 0x000001b1fb51c930 Unloading class 0x000000010021b400 'java/lang/invoke/LambdaForm$MH+0x000000010021b400'
Event: 14315.937 Thread 0x000001b1fb51c930 Unloading class 0x000000010034c000 'java/lang/invoke/LambdaForm$MH+0x000000010034c000'
Event: 14315.937 Thread 0x000001b1fb51c930 Unloading class 0x000000010034d400 'java/lang/invoke/LambdaForm$MH+0x000000010034d400'
Event: 14315.937 Thread 0x000001b1fb51c930 Unloading class 0x000000010034e000 'java/lang/invoke/LambdaForm$MH+0x000000010034e000'
Event: 14315.937 Thread 0x000001b1fb51c930 Unloading class 0x0000000100356c00 'java/lang/invoke/LambdaForm$MH+0x0000000100356c00'
Event: 14315.937 Thread 0x000001b1fb51c930 Unloading class 0x000000010035e400 'java/lang/invoke/LambdaForm$MH+0x000000010035e400'
Event: 14315.937 Thread 0x000001b1fb51c930 Unloading class 0x00000001004a9800 'java/lang/invoke/LambdaForm$MH+0x00000001004a9800'

Classes redefined (0 events):
No events

Internal exceptions (20 events):
Event: 6.405 Thread 0x000001b1f0f84670 Exception <a 'java/lang/NoSuchMethodError'{0x00000000c2389af0}: 'java.lang.Object java.lang.invoke.DelegatingMethodHandle$Holder.delegate(java.lang.Object, int, java.lang.Object, java.lang.Object)'> (0x00000000c2389af0) 
thrown [s\src\hotspot\share\interpreter\linkResolver.cpp, line 759]
Event: 6.407 Thread 0x000001b1f0f84670 Exception <a 'java/lang/NoSuchMethodError'{0x00000000c239a990}: 'int java.lang.invoke.Invokers$Holder.linkToTargetMethod(java.lang.Object, java.lang.Object, java.lang.Object)'> (0x00000000c239a990) 
thrown [s\src\hotspot\share\interpreter\linkResolver.cpp, line 759]
Event: 6.542 Thread 0x000001b1f0f84670 Exception <a 'java/lang/NoSuchMethodError'{0x00000000c21f2418}: 'void java.lang.invoke.DirectMethodHandle$Holder.invokeSpecial(java.lang.Object, java.lang.Object, java.lang.Object, java.lang.Object, java.lang.Object, java.lang.Object)'> (0x00000000c21f2418) 
thrown [s\src\hotspot\share\interpreter\linkResolver.cpp, line 759]
Event: 6.593 Thread 0x000001b1f0f84670 Exception <a 'java/lang/NoSuchMethodError'{0x00000000c1f8b100}: 'java.lang.Object java.lang.invoke.DirectMethodHandle$Holder.invokeStaticInit(java.lang.Object, int, int, int, int)'> (0x00000000c1f8b100) 
thrown [s\src\hotspot\share\interpreter\linkResolver.cpp, line 759]
Event: 7.053 Thread 0x000001b1f0f84670 Exception <a 'java/lang/NoSuchMethodError'{0x00000000c1e8d608}: 'java.lang.Object java.lang.invoke.DirectMethodHandle$Holder.invokeStaticInit(java.lang.Object, java.lang.Object, int, int, int, int)'> (0x00000000c1e8d608) 
thrown [s\src\hotspot\share\interpreter\linkResolver.cpp, line 759]
Event: 7.337 Thread 0x000001b1f0f84670 Exception <a 'java/lang/NoSuchMethodError'{0x00000000ce3e33f8}: 'void java.lang.invoke.DirectMethodHandle$Holder.invokeSpecialIFC(java.lang.Object, java.lang.Object, java.lang.Object)'> (0x00000000ce3e33f8) 
thrown [s\src\hotspot\share\interpreter\linkResolver.cpp, line 759]
Event: 7.868 Thread 0x000001b1f0f84670 Exception <a 'java/lang/NoSuchMethodError'{0x00000000c2343958}: 'java.lang.Object java.lang.invoke.DirectMethodHandle$Holder.invokeInterface(java.lang.Object, java.lang.Object, int)'> (0x00000000c2343958) 
thrown [s\src\hotspot\share\interpreter\linkResolver.cpp, line 759]
Event: 7.869 Thread 0x000001b1f0f84670 Exception <a 'java/lang/IncompatibleClassChangeError'{0x00000000c2356948}: Found class java.lang.Object, but interface was expected> (0x00000000c2356948) 
thrown [s\src\hotspot\share\interpreter\linkResolver.cpp, line 826]
Event: 7.986 Thread 0x000001b1f0f84670 Exception <a 'java/lang/NoSuchMethodError'{0x00000000c1f41050}: 'java.lang.Object java.lang.invoke.DirectMethodHandle$Holder.newInvokeSpecial(java.lang.Object, java.lang.Object, int, java.lang.Object, java.lang.Object)'> (0x00000000c1f41050) 
thrown [s\src\hotspot\share\interpreter\linkResolver.cpp, line 759]
Event: 7.987 Thread 0x000001b1f0f84670 Exception <a 'java/lang/NoSuchMethodError'{0x00000000c1f64c20}: 'java.lang.Object java.lang.invoke.DirectMethodHandle$Holder.invokeSpecial(java.lang.Object, java.lang.Object, int, java.lang.Object, int, java.lang.Object)'> (0x00000000c1f64c20) 
thrown [s\src\hotspot\share\interpreter\linkResolver.cpp, line 759]
Event: 7.988 Thread 0x000001b1f0f84670 Exception <a 'java/lang/NoSuchMethodError'{0x00000000c1f6ca28}: 'java.lang.Object java.lang.invoke.DirectMethodHandle$Holder.newInvokeSpecial(java.lang.Object, java.lang.Object, int, java.lang.Object, int)'> (0x00000000c1f6ca28) 
thrown [s\src\hotspot\share\interpreter\linkResolver.cpp, line 759]
Event: 7.988 Thread 0x000001b1f0f84670 Exception <a 'java/lang/NoSuchMethodError'{0x00000000c1f70b28}: 'java.lang.Object java.lang.invoke.DirectMethodHandle$Holder.invokeSpecial(java.lang.Object, java.lang.Object, java.lang.Object, int, java.lang.Object, int)'> (0x00000000c1f70b28) 
thrown [s\src\hotspot\share\interpreter\linkResolver.cpp, line 759]
Event: 8.254 Thread 0x000001b18496e810 Exception <a 'java/lang/NoSuchMethodError'{0x00000000c8e9c5a8}: 'java.lang.Object java.lang.invoke.DirectMethodHandle$Holder.invokeStatic(java.lang.Object, java.lang.Object, java.lang.Object, int, java.lang.Object, java.lang.Object)'> (0x00000000c8e9c5a8) 
thrown [s\src\hotspot\share\interpreter\linkResolver.cpp, line 759]
Event: 8.262 Thread 0x000001b18562c0d0 Exception <a 'java/lang/NoSuchMethodError'{0x00000000c8edb650}: 'java.lang.Object java.lang.invoke.DirectMethodHandle$Holder.invokeStatic(java.lang.Object, int, java.lang.Object)'> (0x00000000c8edb650) 
thrown [s\src\hotspot\share\interpreter\linkResolver.cpp, line 759]
Event: 48.020 Thread 0x000001b1851b9c30 Exception <a 'java/lang/NoSuchMethodError'{0x00000000c8b3b278}: 'void java.lang.invoke.DirectMethodHandle$Holder.invokeStatic(java.lang.Object, long)'> (0x00000000c8b3b278) 
thrown [s\src\hotspot\share\interpreter\linkResolver.cpp, line 759]
Event: 48.021 Thread 0x000001b1851b9c30 Exception <a 'java/lang/NoSuchMethodError'{0x00000000c8b40620}: 'java.lang.Object java.lang.invoke.DirectMethodHandle$Holder.newInvokeSpecial(java.lang.Object, long)'> (0x00000000c8b40620) 
thrown [s\src\hotspot\share\interpreter\linkResolver.cpp, line 759]
Event: 12425.190 Thread 0x000001b185584a00 Exception <a 'java/lang/NoSuchMethodError'{0x00000000c2c071d0}: 'java.lang.Object java.lang.invoke.DirectMethodHandle$Holder.newInvokeSpecial(java.lang.Object, java.lang.Object, int, java.lang.Object)'> (0x00000000c2c071d0) 
thrown [s\src\hotspot\share\interpreter\linkResolver.cpp, line 759]
Event: 12425.191 Thread 0x000001b185584a00 Exception <a 'java/lang/NoSuchMethodError'{0x00000000c2c0aaf0}: 'java.lang.Object java.lang.invoke.Invokers$Holder.linkToTargetMethod(java.lang.Object, int, java.lang.Object, java.lang.Object)'> (0x00000000c2c0aaf0) 
thrown [s\src\hotspot\share\interpreter\linkResolver.cpp, line 759]
Event: 12673.492 Thread 0x000001b1855836c0 Exception <a 'java/lang/NoSuchMethodError'{0x00000000c1d7d7f0}: 'int java.lang.invoke.DirectMethodHandle$Holder.invokeStatic(java.lang.Object)'> (0x00000000c1d7d7f0) 
thrown [s\src\hotspot\share\interpreter\linkResolver.cpp, line 759]
Event: 12673.492 Thread 0x000001b1855836c0 Exception <a 'java/lang/NoSuchMethodError'{0x00000000c1d80bf0}: 'int java.lang.invoke.DirectMethodHandle$Holder.invokeStaticInit(java.lang.Object)'> (0x00000000c1d80bf0) 
thrown [s\src\hotspot\share\interpreter\linkResolver.cpp, line 759]

VM Operations (20 events):
Event: 156164.777 Executing VM operation: G1CollectFull done
Event: 156175.033 Executing VM operation: G1CollectFull
Event: 156175.050 Executing VM operation: G1CollectFull done
Event: 156185.315 Executing VM operation: G1CollectFull
Event: 156185.332 Executing VM operation: G1CollectFull done
Event: 156195.602 Executing VM operation: G1CollectFull
Event: 156195.619 Executing VM operation: G1CollectFull done
Event: 156205.876 Executing VM operation: G1CollectFull
Event: 156205.892 Executing VM operation: G1CollectFull done
Event: 156216.156 Executing VM operation: G1CollectFull
Event: 156216.173 Executing VM operation: G1CollectFull done
Event: 156226.451 Executing VM operation: G1CollectFull
Event: 156226.468 Executing VM operation: G1CollectFull done
Event: 156236.736 Executing VM operation: G1CollectFull
Event: 156236.753 Executing VM operation: G1CollectFull done
Event: 156247.034 Executing VM operation: G1CollectFull
Event: 156247.050 Executing VM operation: G1CollectFull done
Event: 156257.323 Executing VM operation: G1CollectFull
Event: 156257.339 Executing VM operation: G1CollectFull done
Event: 156267.654 Executing VM operation: G1CollectFull

Events (20 events):
Event: 15262.294 Thread 0x000001b185582380 Thread exited: 0x000001b185582380
Event: 15264.256 Thread 0x000001b1855831f0 Thread exited: 0x000001b1855831f0
Event: 15264.257 Thread 0x000001b185581eb0 Thread exited: 0x000001b185581eb0
Event: 15373.797 Thread 0x000001b185584060 Thread exited: 0x000001b185584060
Event: 15399.811 Thread 0x000001b185584a00 Thread added: 0x000001b185584a00
Event: 15425.093 Thread 0x000001b185581eb0 Thread added: 0x000001b185581eb0
Event: 15425.120 Thread 0x000001b1855831f0 Thread added: 0x000001b1855831f0
Event: 15429.205 Thread 0x000001b185582380 Thread added: 0x000001b185582380
Event: 15489.429 Thread 0x000001b185584a00 Thread exited: 0x000001b185584a00
Event: 15523.996 Thread 0x000001b185582380 Thread exited: 0x000001b185582380
Event: 15528.390 Thread 0x000001b185581eb0 Thread exited: 0x000001b185581eb0
Event: 15532.095 Thread 0x000001b1855831f0 Thread exited: 0x000001b1855831f0
Event: 15537.698 Thread 0x000001b185584060 Thread added: 0x000001b185584060
Event: 15537.703 Thread 0x000001b185581eb0 Thread added: 0x000001b185581eb0
Event: 15597.704 Thread 0x000001b185583b90 Thread exited: 0x000001b185583b90
Event: 15597.704 Thread 0x000001b185582d20 Thread exited: 0x000001b185582d20
Event: 15616.549 Thread 0x000001b185582380 Thread added: 0x000001b185582380
Event: 15676.557 Thread 0x000001b185584060 Thread exited: 0x000001b185584060
Event: 16476.853 Thread 0x000001b185582380 Thread exited: 0x000001b185582380
Event: 16739.638 Thread 0x000001b185581eb0 Thread exited: 0x000001b185581eb0


Dynamic libraries:
0x00007ff79ccb0000 - 0x00007ff79ccbe000 	c:\Users\everl\.vscode\extensions\redhat.java-1.18.0-win32-x64\jre\17.0.7-win32-x86_64\bin\java.exe
0x00007ffc69130000 - 0x00007ffc69344000 	C:\Windows\SYSTEM32\ntdll.dll
0x00007ffc67b80000 - 0x00007ffc67c42000 	C:\Windows\System32\KERNEL32.DLL
0x00007ffc66910000 - 0x00007ffc66cb3000 	C:\Windows\System32\KERNELBASE.dll
0x00007ffc66cc0000 - 0x00007ffc66dd1000 	C:\Windows\System32\ucrtbase.dll
0x00007ffc42ee0000 - 0x00007ffc42ef7000 	c:\Users\everl\.vscode\extensions\redhat.java-1.18.0-win32-x64\jre\17.0.7-win32-x86_64\bin\jli.dll
0x00007ffc67d80000 - 0x00007ffc67f2b000 	C:\Windows\System32\USER32.dll
0x00007ffc66f00000 - 0x00007ffc66f26000 	C:\Windows\System32\win32u.dll
0x00007ffc67800000 - 0x00007ffc67829000 	C:\Windows\System32\GDI32.dll
0x00007ffc66de0000 - 0x00007ffc66ef8000 	C:\Windows\System32\gdi32full.dll
0x00007ffc66870000 - 0x00007ffc6690a000 	C:\Windows\System32\msvcp_win.dll
0x00007ffc41740000 - 0x00007ffc41759000 	c:\Users\everl\.vscode\extensions\redhat.java-1.18.0-win32-x64\jre\17.0.7-win32-x86_64\bin\VCRUNTIME140.dll
0x00007ffc4abb0000 - 0x00007ffc4ae3e000 	C:\Windows\WinSxS\amd64_microsoft.windows.common-controls_6595b64144ccf1df_6.0.22621.1635_none_270f70857386168e\COMCTL32.dll
0x00007ffc688c0000 - 0x00007ffc68967000 	C:\Windows\System32\msvcrt.dll
0x00007ffc67af0000 - 0x00007ffc67b21000 	C:\Windows\System32\IMM32.DLL
0x00007ffc4b6f0000 - 0x00007ffc4b6fc000 	c:\Users\everl\.vscode\extensions\redhat.java-1.18.0-win32-x64\jre\17.0.7-win32-x86_64\bin\vcruntime140_1.dll
0x00007ffc2a680000 - 0x00007ffc2a711000 	c:\Users\everl\.vscode\extensions\redhat.java-1.18.0-win32-x64\jre\17.0.7-win32-x86_64\bin\msvcp140.dll
0x00007ffbfc240000 - 0x00007ffbfce88000 	c:\Users\everl\.vscode\extensions\redhat.java-1.18.0-win32-x64\jre\17.0.7-win32-x86_64\bin\server\jvm.dll
0x00007ffc69040000 - 0x00007ffc690ee000 	C:\Windows\System32\ADVAPI32.dll
0x00007ffc68eb0000 - 0x00007ffc68f54000 	C:\Windows\System32\sechost.dll
0x00007ffc67c60000 - 0x00007ffc67d77000 	C:\Windows\System32\RPCRT4.dll
0x00007ffc4c320000 - 0x00007ffc4c329000 	C:\Windows\SYSTEM32\WSOCK32.dll
0x00007ffc68d00000 - 0x00007ffc68d71000 	C:\Windows\System32\WS2_32.dll
0x00007ffc5a280000 - 0x00007ffc5a2b4000 	C:\Windows\SYSTEM32\WINMM.dll
0x00007ffc64300000 - 0x00007ffc6430a000 	C:\Windows\SYSTEM32\VERSION.dll
0x00007ffc65690000 - 0x00007ffc656a8000 	C:\Windows\SYSTEM32\kernel.appcore.dll
0x00007ffc4b0c0000 - 0x00007ffc4b0ca000 	c:\Users\everl\.vscode\extensions\redhat.java-1.18.0-win32-x64\jre\17.0.7-win32-x86_64\bin\jimage.dll
0x00007ffc54680000 - 0x00007ffc548ae000 	C:\Windows\SYSTEM32\DBGHELP.DLL
0x00007ffc68970000 - 0x00007ffc68cf9000 	C:\Windows\System32\combase.dll
0x00007ffc68f60000 - 0x00007ffc69037000 	C:\Windows\System32\OLEAUT32.dll
0x00007ffc543b0000 - 0x00007ffc543e2000 	C:\Windows\SYSTEM32\dbgcore.DLL
0x00007ffc667f0000 - 0x00007ffc6686b000 	C:\Windows\System32\bcryptPrimitives.dll
0x00007ffc3ffe0000 - 0x00007ffc40005000 	c:\Users\everl\.vscode\extensions\redhat.java-1.18.0-win32-x64\jre\17.0.7-win32-x86_64\bin\java.dll
0x00007ffc3d5b0000 - 0x00007ffc3d5c8000 	c:\Users\everl\.vscode\extensions\redhat.java-1.18.0-win32-x64\jre\17.0.7-win32-x86_64\bin\zip.dll
0x00007ffc68090000 - 0x00007ffc6888a000 	C:\Windows\System32\SHELL32.dll
0x00007ffc64540000 - 0x00007ffc64e0e000 	C:\Windows\SYSTEM32\windows.storage.dll
0x00007ffc64400000 - 0x00007ffc6453e000 	C:\Windows\SYSTEM32\wintypes.dll
0x00007ffc67830000 - 0x00007ffc67921000 	C:\Windows\System32\SHCORE.dll
0x00007ffc68e30000 - 0x00007ffc68e8e000 	C:\Windows\System32\shlwapi.dll
0x00007ffc66480000 - 0x00007ffc664a1000 	C:\Windows\SYSTEM32\profapi.dll
0x00007ffc3ffc0000 - 0x00007ffc3ffd9000 	C:\Users\everl\.vscode\extensions\redhat.java-1.18.0-win32-x64\jre\17.0.7-win32-x86_64\bin\net.dll
0x00007ffc5f600000 - 0x00007ffc5f737000 	C:\Windows\SYSTEM32\WINHTTP.dll
0x00007ffc65b00000 - 0x00007ffc65b69000 	C:\Windows\system32\mswsock.dll
0x00007ffc3ffa0000 - 0x00007ffc3ffb5000 	C:\Users\everl\.vscode\extensions\redhat.java-1.18.0-win32-x64\jre\17.0.7-win32-x86_64\bin\nio.dll
0x00007ffc65d60000 - 0x00007ffc65d7b000 	C:\Windows\SYSTEM32\CRYPTSP.dll
0x00007ffc65600000 - 0x00007ffc65635000 	C:\Windows\system32\rsaenh.dll
0x00007ffc65c00000 - 0x00007ffc65c28000 	C:\Windows\SYSTEM32\USERENV.dll
0x00007ffc65f20000 - 0x00007ffc65f48000 	C:\Windows\SYSTEM32\bcrypt.dll
0x00007ffc65d80000 - 0x00007ffc65d8c000 	C:\Windows\SYSTEM32\CRYPTBASE.dll
0x00007ffc650f0000 - 0x00007ffc6511d000 	C:\Windows\SYSTEM32\IPHLPAPI.DLL
0x00007ffc67c50000 - 0x00007ffc67c59000 	C:\Windows\System32\NSI.dll
0x00007ffc5f840000 - 0x00007ffc5f859000 	C:\Windows\SYSTEM32\dhcpcsvc6.DLL
0x00007ffc5f5e0000 - 0x00007ffc5f5ff000 	C:\Windows\SYSTEM32\dhcpcsvc.DLL
0x00007ffc65160000 - 0x00007ffc65253000 	C:\Windows\SYSTEM32\DNSAPI.dll
0x00007ffc48a00000 - 0x00007ffc48a09000 	C:\Users\everl\.vscode\extensions\redhat.java-1.18.0-win32-x64\jre\17.0.7-win32-x86_64\bin\management.dll
0x00007ffc3f760000 - 0x00007ffc3f76b000 	C:\Users\everl\.vscode\extensions\redhat.java-1.18.0-win32-x64\jre\17.0.7-win32-x86_64\bin\management_ext.dll
0x00007ffc67ae0000 - 0x00007ffc67ae8000 	C:\Windows\System32\PSAPI.DLL

dbghelp: loaded successfully - version: 4.0.5 - missing functions: none
symbol engine: initialized successfully - sym options: 0x614 - pdb path: .;c:\Users\everl\.vscode\extensions\redhat.java-1.18.0-win32-x64\jre\17.0.7-win32-x86_64\bin;C:\Windows\SYSTEM32;C:\Windows\WinSxS\amd64_microsoft.windows.common-controls_6595b64144ccf1df_6.0.22621.1635_none_270f70857386168e;c:\Users\everl\.vscode\extensions\redhat.java-1.18.0-win32-x64\jre\17.0.7-win32-x86_64\bin\server

VM Arguments:
jvm_args: -XX:+HeapDumpOnOutOfMemoryError -Xmx1024m -Dsts.lsp.client=vscode -Dsts.log.file=/dev/null -XX:TieredStopAtLevel=1 -Xlog:jni+resolve=off -Dspring.config.location=file:c:\Users\everl\.vscode\extensions\vmware.vscode-spring-boot-1.46.0\language-server\BOOT-INF\classes\application.properties 
java_command: org.springframework.ide.vscode.boot.app.BootLanguageServerBootApp
java_class_path (initial): c:\Users\everl\.vscode\extensions\vmware.vscode-spring-boot-1.46.0\language-server\BOOT-INF\classes;c:\Users\everl\.vscode\extensions\vmware.vscode-spring-boot-1.46.0\language-server\BOOT-INF\lib\annotations-24.0.1.jar;c:\Users\everl\.vscode\extensions\vmware.vscode-spring-boot-1.46.0\language-server\BOOT-INF\lib\antlr-runtime-3.5.3.jar;c:\Users\everl\.vscode\extensions\vmware.vscode-spring-boot-1.46.0\language-server\BOOT-INF\lib\antlr4-4.11.1.jar;c:\Users\everl\.vscode\extensions\vmware.vscode-spring-boot-1.46.0\language-server\BOOT-INF\lib\antlr4-runtime-4.11.1.jar;c:\Users\everl\.vscode\extensions\vmware.vscode-spring-boot-1.46.0\language-server\BOOT-INF\lib\asm-9.5.jar;c:\Users\everl\.vscode\extensions\vmware.vscode-spring-boot-1.46.0\language-server\BOOT-INF\lib\asm-analysis-9.5.jar;c:\Users\everl\.vscode\extensions\vmware.vscode-spring-boot-1.46.0\language-server\BOOT-INF\lib\asm-tree-9.5.jar;c:\Users\everl\.vscode\extensions\vmware.vscode-spring-boot-1.46.0\language-server\BOOT-INF\lib\asm-util-9.5.jar;c:\Users\everl\.vscode\extensions\vmware.vscode-spring-boot-1.46.0\language-server\BOOT-INF\lib\caffeine-3.1.2.jar;c:\Users\everl\.vscode\extensions\vmware.vscode-spring-boot-1.46.0\language-server\BOOT-INF\lib\checker-qual-3.12.0.jar;c:\Users\everl\.vscode\extensions\vmware.vscode-spring-boot-1.46.0\language-server\BOOT-INF\lib\classgraph-4.8.149.jar;c:\Users\everl\.vscode\extensions\vmware.vscode-spring-boot-1.46.0\language-server\BOOT-INF\lib\commons-codec-1.15.jar;c:\Users\everl\.vscode\extensions\vmware.vscode-spring-boot-1.46.0\language-server\BOOT-INF\lib\commons-compress-1.23.0.jar;c:\Users\everl\.vscode\extensions\vmware.vscode-spring-boot-1.46.0\language-server\BOOT-INF\lib\commons-io-2.4.jar;c:\Users\everl\.vscode\extensions\vmware.vscode-spring-boot-1.46.0\language-server\BOOT-INF\lib\commons-java-1.46.0-SNAPSHOT.jar;c:\Users\everl\.vscode\extensions\vmware.vscode-spring-boot-1.46.0\language-server\BOOT-INF\lib\commons-
Launcher Type: SUN_STANDARD

[Global flags]
     intx CICompilerCount                          = 3                                         {product} {ergonomic}
     uint ConcGCThreads                            = 1                                         {product} {ergonomic}
     uint G1ConcRefinementThreads                  = 4                                         {product} {ergonomic}
   size_t G1HeapRegionSize                         = 1048576                                   {product} {ergonomic}
    uintx GCDrainStackTargetSize                   = 64                                        {product} {ergonomic}
     bool HeapDumpOnOutOfMemoryError               = true                                   {manageable} {command line}
   size_t InitialHeapSize                          = 268435456                                 {product} {ergonomic}
   size_t MarkStackSize                            = 4194304                                   {product} {ergonomic}
   size_t MaxHeapSize                              = 1073741824                                {product} {command line}
   size_t MaxNewSize                               = 643825664                                 {product} {ergonomic}
   size_t MinHeapDeltaBytes                        = 1048576                                   {product} {ergonomic}
   size_t MinHeapSize                              = 8388608                                   {product} {ergonomic}
    uintx NonProfiledCodeHeapSize                  = 0                                      {pd product} {ergonomic}
     bool ProfileInterpreter                       = false                                  {pd product} {command line}
    uintx ProfiledCodeHeapSize                     = 0                                      {pd product} {ergonomic}
   size_t SoftMaxHeapSize                          = 1073741824                             {manageable} {ergonomic}
     intx TieredStopAtLevel                        = 1                                         {product} {command line}
     bool UseCompressedClassPointers               = true                           {product lp64_product} {ergonomic}
     bool UseCompressedOops                        = true                           {product lp64_product} {ergonomic}
     bool UseG1GC                                  = true                                      {product} {ergonomic}
     bool UseLargePagesIndividualAllocation        = false                                  {pd product} {ergonomic}

Logging:
Log output configuration:
 #0: stdout all=warning,jni+resolve=off uptime,level,tags
 #1: stderr all=off uptime,level,tags

Environment Variables:
JAVA_HOME=D:\openjdk-17+35_windows-x64_bin
PATH=C:\Windows\system32;C:\Windows;C:\Windows\System32\Wbem;C:\Windows\System32\WindowsPowerShell\v1.0\;C:\Windows\System32\OpenSSH\;D:\openjdk-17+35_windows-x64_bin\bin;C:\Program Files\Git\cmd;C:\Program Files\Bandizip\;C:\Users\everl\AppData\Local\Programs\Python\Python311;C:\Users\everl\AppData\Local\Programs\Python\Python311\Scripts;C:\Users\everl\AppData\Local\Android\Sdk\platform-tools;C:\Program Files\nodejs\;C:\Program Files\Docker\Docker\resources\bin;C:\Users\everl\AppData\Local\Microsoft\WindowsApps;C:\Users\everl\AppData\Roaming\npm
USERNAME=everl
OS=Windows_NT
PROCESSOR_IDENTIFIER=Intel64 Family 6 Model 60 Stepping 3, GenuineIntel
TMP=C:\Users\everl\AppData\Local\Temp
TEMP=C:\Users\everl\AppData\Local\Temp



---------------  S Y S T E M  ---------------

OS:
 Windows 11 , 64 bit Build 22621 (10.0.22621.1635)
OS uptime: 4 days 0:17 hours
Hyper-V role detected

CPU: total 4 (initial active 4) (4 cores per cpu, 1 threads per core) family 6 model 60 stepping 3 microcode 0x28, cx8, cmov, fxsr, mmx, sse, sse2, sse3, ssse3, sse4.1, sse4.2, popcnt, lzcnt, tsc, tscinvbit, avx, avx2, aes, erms, clmul, bmi1, bmi2, fma, vzeroupper, clflush, hv

Memory: 4k page, system-wide physical 16322M (3461M free)
TotalPageFile size 46131M (AvailPageFile size 164M)
current process WorkingSet (physical memory assigned to process): 58M, peak: 135M
current process commit charge ("private bytes"): 168M, peak: 356M

vm_info: OpenJDK 64-Bit Server VM (17.0.7+7) for windows-amd64 JRE (17.0.7+7), built on Apr 18 2023 22:10:42 by "temurin" with MS VC++ 16.7 (VS2019)

END.
